<?xml version="1.0" encoding="utf-8"?><testsuites name="pytest tests"><testsuite name="pytest" errors="0" failures="0" skipped="0" tests="25" time="6.521" timestamp="2026-07-03T12:11:29.331034+00:00" hostname="agent-env-e1a3f0be-65ca-45fb-abf9-a6131c0ef143"><testcase classname="tests.backend_test.TestAuth" name="test_me_taxpayer" time="0.140" /><testcase classname="tests.backend_test.TestAuth" name="test_me_ca" time="0.122" /><testcase classname="tests.backend_test.TestAuth" name="test_me_unauth" time="0.091" /><testcase classname="tests.backend_test.TestAuth" name="test_ca_endpoint_forbidden_for_taxpayer" time="0.112" /><testcase classname="tests.backend_test.TestFilings" name="test_create_filing" time="0.051" /><testcase classname="tests.backend_test.TestFilings" name="test_list_filings" time="0.050" /><testcase classname="tests.backend_test.TestFilings" name="test_update_income_and_compute" time="0.055" /><testcase classname="tests.backend_test.TestFilings" name="test_recompute" time="0.053" /><testcase classname="tests.backend_test.TestFilings" name="test_regime_toggle" time="0.051" /><testcase classname="tests.backend_test.TestFilings" name="test_reconcile_flags" time="0.051" /><testcase classname="tests.backend_test.TestFilings" name="test_request_verification_assigns_ca" time="0.053" /><testcase classname="tests.backend_test.TestFilings" name="test_export_json" time="0.051" /><testcase classname="tests.backend_test.TestDocuments" name="test_upload_pdf" time="0.420" /><testcase classname="tests.backend_test.TestDocuments" name="test_list_documents" time="0.053" /><testcase classname="tests.backend_test.TestDocuments" name="test_parse_document" time="4.499" /><testcase classname="tests.backend_test.TestCA" name="test_ca_stats" time="0.052" /><testcase classname="tests.backend_test.TestCA" name="test_ca_triage" time="0.070" /><testcase classname="tests.backend_test.TestCA" name="test_ca_clients" time="0.055" /><testcase classname="tests.backend_test.TestCA" name="test_override_requires_justification" time="0.056" /><testcase classname="tests.backend_test.TestCA" name="test_override_success_creates_audit" time="0.112" /><testcase classname="tests.backend_test.TestCA" name="test_ca_audit_logs" time="0.053" /><testcase classname="tests.backend_test.TestCA" name="test_lock_filing" time="0.051" /><testcase classname="tests.backend_test.TestCA" name="test_locked_filing_rejects_updates" time="0.051" /><testcase classname="tests.backend_test.TestCA" name="test_link_client_not_found" time="0.052" /><testcase classname="tests.backend_test.TestCA" name="test_link_client_success" time="0.049" /></testsuite></testsuites>