<?xml version="1.0" encoding="utf-8"?><testsuites name="pytest tests"><testsuite name="pytest" errors="0" failures="0" skipped="0" tests="36" time="15.523" timestamp="2026-07-03T12:48:49.592496+00:00" hostname="agent-env-e1a3f0be-65ca-45fb-abf9-a6131c0ef143"><testcase classname="tests.backend_test.TestAuth" name="test_me_taxpayer" time="0.180" /><testcase classname="tests.backend_test.TestAuth" name="test_me_ca" time="0.100" /><testcase classname="tests.backend_test.TestAuth" name="test_me_unauth" time="0.093" /><testcase classname="tests.backend_test.TestAuth" name="test_ca_endpoint_forbidden_for_taxpayer" time="0.048" /><testcase classname="tests.backend_test.TestFilings" name="test_create_filing" time="0.043" /><testcase classname="tests.backend_test.TestFilings" name="test_list_filings" time="0.049" /><testcase classname="tests.backend_test.TestFilings" name="test_update_income_and_compute" time="0.045" /><testcase classname="tests.backend_test.TestFilings" name="test_recompute" time="0.046" /><testcase classname="tests.backend_test.TestFilings" name="test_regime_toggle" time="0.043" /><testcase classname="tests.backend_test.TestFilings" name="test_reconcile_flags" time="0.082" /><testcase classname="tests.backend_test.TestFilings" name="test_request_verification_assigns_ca" time="0.049" /><testcase classname="tests.backend_test.TestFilings" name="test_export_json" time="0.042" /><testcase classname="tests.backend_test.TestDocuments" name="test_upload_pdf" time="0.598" /><testcase classname="tests.backend_test.TestDocuments" name="test_list_documents" time="0.044" /><testcase classname="tests.backend_test.TestDocuments" name="test_parse_document" time="4.604" /><testcase classname="tests.backend_test.TestCA" name="test_ca_stats" time="0.047" /><testcase classname="tests.backend_test.TestCA" name="test_ca_triage" time="0.052" /><testcase classname="tests.backend_test.TestCA" name="test_ca_clients" time="0.052" /><testcase classname="tests.backend_test.TestCA" name="test_override_requires_justification" time="0.044" /><testcase classname="tests.backend_test.TestCA" name="test_override_success_creates_audit" time="0.090" /><testcase classname="tests.backend_test.TestCA" name="test_ca_audit_logs" time="0.048" /><testcase classname="tests.backend_test.TestCA" name="test_lock_filing" time="0.053" /><testcase classname="tests.backend_test.TestCA" name="test_locked_filing_rejects_updates" time="0.044" /><testcase classname="tests.backend_test.TestCA" name="test_link_client_not_found" time="0.047" /><testcase classname="tests.backend_test.TestCA" name="test_link_client_success" time="0.046" /><testcase classname="tests.test_new_endpoints.TestParseDocuments" name="test_parse_documents_consolidated" time="6.594" /><testcase classname="tests.test_new_endpoints.TestParseDocuments" name="test_filing_merged_after_parse" time="0.114" /><testcase classname="tests.test_new_endpoints.TestReconcile" name="test_reconcile_without_ais_returns_400" time="0.200" /><testcase classname="tests.test_new_endpoints.TestReconcile" name="test_upload_encrypted_ais_decrypts_and_flags" time="0.118" /><testcase classname="tests.test_new_endpoints.TestReconcile" name="test_upload_plain_ais_accepted" time="0.299" /><testcase classname="tests.test_new_endpoints.TestReconcile" name="test_reconcile_after_ais" time="0.099" /><testcase classname="tests.test_new_endpoints.TestComputationPdf" name="test_taxpayer_download_pdf" time="0.107" /><testcase classname="tests.test_new_endpoints.TestComputationPdf" name="test_ca_download_pdf" time="0.206" /><testcase classname="tests.test_new_endpoints.TestDocumentRenderAndLocate" name="test_document_info_pdf" time="0.284" /><testcase classname="tests.test_new_endpoints.TestDocumentRenderAndLocate" name="test_document_page_png" time="0.251" /><testcase classname="tests.test_new_endpoints.TestDocumentRenderAndLocate" name="test_document_locate_indian_grouped" time="0.553" /></testsuite></testsuites>